135 : 2018-10-21 07:15:48,204 : INFO : telemetry.main : Attempt start. Configuration directory [/home/walter/.azure].
135 : 2018-10-21 07:15:48,204 : INFO : telemetry.check : Positive: The /home/walter/.azure/telemetry.txt does not exist.
135 : 2018-10-21 07:15:48,204 : DEBUG : telemetry.note : acquiring lock
135 : 2018-10-21 07:15:48,204 : DEBUG : telemetry.note : acquired lock
135 : 2018-10-21 07:15:48,205 : INFO : telemetry.note : Update the note mtime to 2018-10-21 07:15:48.205065
135 : 2018-10-21 07:15:48,205 : WARNING : telemetry.note : Fail to parse or read the timestamp 'N/A' in the note file. Set the last send time to minimal. Reason: not readable
135 : 2018-10-21 07:15:48,205 : INFO : telemetry.records : No cache to be uploaded.
135 : 2018-10-21 07:15:48,205 : INFO : telemetry.client : Accumulated 0 events. Flush the clients.
135 : 2018-10-21 07:15:48,205 : INFO : telemetry.note : Update the last send in note to 0001-01-01 00:00:00
135 : 2018-10-21 07:15:48,205 : INFO : telemetry.note : Update the note mtime to 2018-10-21 07:15:48.205782
203 : 2018-10-21 07:37:11,593 : INFO : telemetry.main : Attempt start. Configuration directory [/home/walter/.azure].
203 : 2018-10-21 07:37:11,594 : INFO : telemetry.check : Returns Positive.
203 : 2018-10-21 07:37:11,594 : DEBUG : telemetry.note : acquiring lock
203 : 2018-10-21 07:37:11,594 : DEBUG : telemetry.note : acquired lock
203 : 2018-10-21 07:37:11,594 : INFO : telemetry.note : Update the note mtime to 2018-10-21 07:37:11.594497
203 : 2018-10-21 07:37:11,597 : WARNING : telemetry.note : Fail to parse or read the timestamp '1-01-01T00:00:00' in the note file. Set the last send time to minimal. Reason: time data '1-01-01T00:00:00' does not match format '%Y-%m-%dT%H:%M:%S'
203 : 2018-10-21 07:37:11,597 : INFO : telemetry.records : No cache to be uploaded.
203 : 2018-10-21 07:37:11,597 : INFO : telemetry.client : Accumulated 0 events. Flush the clients.
203 : 2018-10-21 07:37:11,597 : INFO : telemetry.note : Update the last send in note to 0001-01-01 00:00:00
203 : 2018-10-21 07:37:11,597 : INFO : telemetry.note : Update the note mtime to 2018-10-21 07:37:11.597840
217 : 2018-10-21 07:53:08,247 : INFO : telemetry.main : Attempt start. Configuration directory [/home/walter/.azure].
217 : 2018-10-21 07:53:08,247 : INFO : telemetry.check : Returns Positive.
217 : 2018-10-21 07:53:08,247 : DEBUG : telemetry.note : acquiring lock
217 : 2018-10-21 07:53:08,247 : DEBUG : telemetry.note : acquired lock
217 : 2018-10-21 07:53:08,247 : INFO : telemetry.note : Update the note mtime to 2018-10-21 07:53:08.247864
217 : 2018-10-21 07:53:08,250 : WARNING : telemetry.note : Fail to parse or read the timestamp '1-01-01T00:00:00' in the note file. Set the last send time to minimal. Reason: time data '1-01-01T00:00:00' does not match format '%Y-%m-%dT%H:%M:%S'
217 : 2018-10-21 07:53:08,250 : INFO : telemetry.records : No cache to be uploaded.
217 : 2018-10-21 07:53:08,250 : INFO : telemetry.client : Accumulated 0 events. Flush the clients.
217 : 2018-10-21 07:53:08,251 : INFO : telemetry.note : Update the last send in note to 0001-01-01 00:00:00
217 : 2018-10-21 07:53:08,251 : INFO : telemetry.note : Update the note mtime to 2018-10-21 07:53:08.251168
122 : 2018-10-21 18:10:45,694 : INFO : telemetry.main : Attempt start. Configuration directory [/home/walter/.azure].
122 : 2018-10-21 18:10:45,738 : INFO : telemetry.check : Returns Positive.
122 : 2018-10-21 18:10:45,738 : DEBUG : telemetry.note : acquiring lock
122 : 2018-10-21 18:10:45,738 : DEBUG : telemetry.note : acquired lock
122 : 2018-10-21 18:10:45,738 : INFO : telemetry.note : Update the note mtime to 2018-10-21 18:10:45.738491
122 : 2018-10-21 18:10:45,745 : WARNING : telemetry.note : Fail to parse or read the timestamp '1-01-01T00:00:00' in the note file. Set the last send time to minimal. Reason: time data '1-01-01T00:00:00' does not match format '%Y-%m-%dT%H:%M:%S'
122 : 2018-10-21 18:10:45,745 : INFO : telemetry.records : No cache to be uploaded.
122 : 2018-10-21 18:10:45,745 : INFO : telemetry.client : Accumulated 0 events. Flush the clients.
122 : 2018-10-21 18:10:45,745 : INFO : telemetry.note : Update the last send in note to 0001-01-01 00:00:00
122 : 2018-10-21 18:10:45,745 : INFO : telemetry.note : Update the note mtime to 2018-10-21 18:10:45.745836
